<?xml version="1.0" encoding="UTF-8"?>
<!-- Generated by org.testng.reporters.JUnitReportReporter -->
<testsuite hostname="DESKTOP-F27K7GE" failures="0" tests="5" name="com.github.hemanthsridhar.tests.ExtTest" time="0.090" errors="0" timestamp="2022-12-29T01:13:25 IST" skipped="1">
  <testcase classname="com.github.hemanthsridhar.tests.ExtTest" name="loginTest2" time="0.025"/>
  <system-out/>
  <testcase classname="com.github.hemanthsridhar.tests.ExtTest" name="loginTest2" time="0.023"/>
  <system-out/>
  <testcase classname="com.github.hemanthsridhar.tests.ExtTest" name="loginTest2" time="0.020"/>
  <system-out/>
  <testcase classname="com.github.hemanthsridhar.tests.ExtTest" name="loginTest2" time="0.022"/>
  <system-out/>
  <testcase classname="com.github.hemanthsridhar.tests.ExtTest" name="readIndividualDataFromXLS">
    <skipped/>
  </testcase> <!-- readIndividualDataFromXLS -->
  <system-out/>
</testsuite> <!-- com.github.hemanthsridhar.tests.ExtTest -->
