<?xml version="1.0" encoding="UTF-8"?>
<!-- Generated by org.testng.reporters.JUnitReportReporter -->
<testsuite hostname="DESKTOP-F27K7GE" failures="0" tests="2" name="pkgTestsFactory.TestLogin" time="0.628" errors="0" timestamp="2023-01-04T22:51:10 IST" skipped="0">
  <testcase classname="pkgTestsFactory.TestLogin" name="TC_Homepage" time="0.077"/>
  <system-out/>
  <testcase classname="pkgTestsFactory.TestLogin" name="TC_Loginpage" time="0.551"/>
  <system-out/>
</testsuite> <!-- pkgTestsFactory.TestLogin -->
