<?xml version="1.0" encoding="UTF-8"?>
<!-- Generated by org.testng.reporters.JUnitReportReporter -->
<testsuite hostname="SrinivasBinary" failures="0" tests="5" name="pkgTests.TestAddProduct" time="11.377" errors="0" timestamp="2023-03-27T20:32:27 IST" skipped="0">
  <testcase classname="pkgTests.TestAddProduct" name="TC_Homepage" time="0.048"/>
  <system-out/>
  <testcase classname="pkgTests.TestAddProduct" name="TC_Loginpage" time="0.520"/>
  <system-out/>
  <testcase classname="pkgTests.TestAddProduct" name="TC_AddProductspage" time="5.168"/>
  <system-out/>
  <testcase classname="pkgTests.TestAddProduct" name="TC_checkout" time="0.214"/>
  <system-out/>
  <testcase classname="pkgTests.TestAddProduct" name="TC_customerInfo" time="5.427"/>
  <system-out/>
</testsuite> <!-- pkgTests.TestAddProduct -->
