<?xml version="1.0" encoding="UTF-8"?>
<!-- Generated by org.testng.reporters.JUnitReportReporter -->
<testsuite hostname="SrinivasBinary" failures="0" tests="2" name="pkgTests.TestLogin" time="0.562" errors="0" timestamp="2023-03-27T20:32:27 IST" skipped="0">
  <testcase classname="pkgTests.TestLogin" name="TC_Homepage" time="0.052"/>
  <system-out/>
  <testcase classname="pkgTests.TestLogin" name="TC_Loginpage" time="0.510"/>
  <system-out/>
</testsuite> <!-- pkgTests.TestLogin -->
