<?xml version="1.0" encoding="UTF-8"?>
<!-- Generated by org.testng.reporters.JUnitReportReporter -->
<testsuite hostname="SrinivasBinary" failures="0" tests="1" name="pkgTests.TestHomePage" time="0.071" errors="0" timestamp="2023-03-27T20:32:27 IST" skipped="0">
  <testcase classname="pkgTests.TestHomePage" name="TC_HOmepage" time="0.071"/>
  <system-out/>
</testsuite> <!-- pkgTests.TestHomePage -->
