<?xml version="1.0" encoding="UTF-8"?>
<!-- Generated by org.testng.reporters.JUnitReportReporter -->
<testsuite hostname="SrinivasBinary" failures="0" tests="4" name="pkgSeleniumDemo.sacueLabsAutomation" time="0.055" errors="0" timestamp="2023-03-28T19:35:13 IST" skipped="0">
  <testcase classname="pkgSeleniumDemo.sacueLabsAutomation" name="LoginTest" time="0.017"/>
  <system-out/>
  <testcase classname="pkgSeleniumDemo.sacueLabsAutomation" name="LoginTest" time="0.016"/>
  <system-out/>
  <testcase classname="pkgSeleniumDemo.sacueLabsAutomation" name="LogoutTest" time="0.010"/>
  <system-out/>
  <testcase classname="pkgSeleniumDemo.sacueLabsAutomation" name="LoginTest" time="0.012"/>
  <system-out/>
</testsuite> <!-- pkgSeleniumDemo.sacueLabsAutomation -->
