<?xml version="1.0" encoding="UTF-8"?>
<!-- Generated by org.testng.reporters.JUnitReportReporter -->
<testsuite hostname="SrinivasBinary" failures="0" tests="4" name="pkgSeleniumDemo.sacueLabsAutomation" time="0.012" errors="0" timestamp="2023-12-16T09:40:26 IST" skipped="0">
  <testcase classname="pkgSeleniumDemo.sacueLabsAutomation" name="LogoutTest" time="0.002"/>
  <system-out/>
  <testcase classname="pkgSeleniumDemo.sacueLabsAutomation" name="LoginTest" time="0.001"/>
  <system-out/>
  <testcase classname="pkgSeleniumDemo.sacueLabsAutomation" name="LoginTest" time="0.002"/>
  <system-out/>
  <testcase classname="pkgSeleniumDemo.sacueLabsAutomation" name="LoginTest" time="0.007"/>
  <system-out/>
</testsuite> <!-- pkgSeleniumDemo.sacueLabsAutomation -->
